0 info it worked if it ends with ok
1 verbose cli [ '/opt/alt/alt-nodejs6/root/usr/bin/node',
1 verbose cli   '/opt/alt/alt-nodejs6/root/usr/bin/npm',
1 verbose cli   'run-script',
1 verbose cli   'start',
1 verbose cli   '--' ]
2 info using npm@3.10.10
3 info using node@v6.16.0
4 verbose run-script [ 'prestart', 'start', 'poststart' ]
5 info lifecycle web-macquarieschool@1.0.0~prestart: web-macquarieschool@1.0.0
6 silly lifecycle web-macquarieschool@1.0.0~prestart: no script for prestart, continuing
7 info lifecycle web-macquarieschool@1.0.0~start: web-macquarieschool@1.0.0
8 verbose lifecycle web-macquarieschool@1.0.0~start: unsafe-perm in lifecycle true
9 verbose lifecycle web-macquarieschool@1.0.0~start: PATH: /opt/alt/alt-nodejs6/root/usr/lib/node_modules/npm/bin/node-gyp-bin:/home/gracemon/web-macquarieschool/node_modules/.bin:/opt/alt/alt-nodejs6/root/usr/bin:/home/gracemon/nodevenv/web-macquarieschool/6/bin:/opt/alt/alt-nodejs6/root/usr/bin:/usr/local/jdk/bin:/usr/kerberos/sbin:/usr/kerberos/bin:/usr/local/sbin:/usr/local/bin:/sbin:/bin:/usr/sbin:/usr/bin:/usr/X11R6/bin:/usr/local/bin:/usr/X11R6/bin:/root/bin:/opt/bin
10 verbose lifecycle web-macquarieschool@1.0.0~start: CWD: /home/gracemon/web-macquarieschool
11 silly lifecycle web-macquarieschool@1.0.0~start: Args: [ '-c', 'node server.js ' ]
12 silly lifecycle web-macquarieschool@1.0.0~start: Returned: code: 1  signal: null
13 info lifecycle web-macquarieschool@1.0.0~start: Failed to exec start script
14 verbose stack Error: web-macquarieschool@1.0.0 start: `node server.js `
14 verbose stack Exit status 1
14 verbose stack     at EventEmitter.<anonymous> (/opt/alt/alt-nodejs6/root/usr/lib/node_modules/npm/lib/utils/lifecycle.js:255:16)
14 verbose stack     at emitTwo (events.js:106:13)
14 verbose stack     at EventEmitter.emit (events.js:191:7)
14 verbose stack     at ChildProcess.<anonymous> (/opt/alt/alt-nodejs6/root/usr/lib/node_modules/npm/lib/utils/spawn.js:40:14)
14 verbose stack     at emitTwo (events.js:106:13)
14 verbose stack     at ChildProcess.emit (events.js:191:7)
14 verbose stack     at maybeClose (internal/child_process.js:920:16)
14 verbose stack     at Process.ChildProcess._handle.onexit (internal/child_process.js:230:5)
15 verbose pkgid web-macquarieschool@1.0.0
16 verbose cwd /home/gracemon/web-macquarieschool
17 error Linux 3.10.0-714.10.2.lve1.5.19.7.el7.x86_64
18 error argv "/opt/alt/alt-nodejs6/root/usr/bin/node" "/opt/alt/alt-nodejs6/root/usr/bin/npm" "run-script" "start" "--"
19 error node v6.16.0
20 error npm  v3.10.10
21 error code ELIFECYCLE
22 error web-macquarieschool@1.0.0 start: `node server.js `
22 error Exit status 1
23 error Failed at the web-macquarieschool@1.0.0 start script 'node server.js '.
23 error Make sure you have the latest version of node.js and npm installed.
23 error If you do, this is most likely a problem with the web-macquarieschool package,
23 error not with npm itself.
23 error Tell the author that this fails on your system:
23 error     node server.js
23 error You can get information on how to open an issue for this project with:
23 error     npm bugs web-macquarieschool
23 error Or if that isn't available, you can get their info via:
23 error     npm owner ls web-macquarieschool
23 error There is likely additional logging output above.
24 verbose exit [ 1, true ]
